50
18 154 230 235 251 274 287 306 435 536 736 768 797 808 813 831 834 900 970
17 36 82 173 181 351 371 393 482 487 514 558 764 793 804 871 898 966
26 109 148 191 203 209 218 224 312 389 422 481 542 567 577 591 610 660 667 757 814 878 929 945 985 986 989
15 298 378 412 468 527 533 548 603 676 714 725 737 812 820 906
16 58 69 76 253 353 540 590 674 718 722 855 862 923 925 951 979
22 2 106 110 246 264 291 330 343 406 428 441 512 522 525 552 710 739 742 883 912 955 983
18 53 136 204 277 294 370 452 463 510 584 652 705 750 767 773 788 790 805
17 1 37 108 320 372 391 408 419 432 524 546 651 697 744 756 775 991
17 14 211 288 392 398 411 473 575 643 675 727 745 752 798 908 911 959
24 30 48 113 165 219 248 266 283 344 363 386 427 464 579 625 650 706 731 854 872 914 942 944 972
26 17 40 80 85 134 152 157 207 229 231 290 317 347 403 416 469 520 537 601 616 622 707 806 882 953 967
17 0 20 42 47 52 95 105 500 503 576 609 632 656 777 791 870 887
30 33 35 81 91 93 130 161 177 184 216 304 345 396 401 437 458 465 475 504 521 543 564 565 570 578 629 658 729 781 918
26 11 83 111 143 178 238 269 326 348 384 397 409 414 415 580 605 620 637 662 732 734 755 821 867 897 980
26 10 25 100 112 137 155 185 187 315 356 360 367 399 460 507 535 585 597 689 721 837 896 938 957 973 977
16 5 7 124 162 197 307 342 479 547 561 645 663 680 829 947 958
15 66 170 215 271 331 332 346 355 495 544 728 762 879 885 903
31 23 67 118 121 150 180 199 254 281 316 402 478 484 485 516 594 598 638 701 730 747 782 794 800 810 845 852 865 880 891 993
18 72 237 336 496 513 550 551 556 647 654 692 694 740 778 851 868 964 984
15 77 90 159 373 488 539 719 726 787 858 859 863 928 939 988
17 31 138 272 300 366 374 377 383 424 528 568 589 612 693 743 819 827
18 16 79 104 146 189 236 310 405 461 523 595 600 685 704 759 849 861 924
24 15 21 71 92 167 176 179 242 244 256 295 350 379 410 439 442 508 529 586 655 681 779 847 994
20 18 62 98 117 145 182 200 222 278 323 354 431 434 470 483 491 530 599 792 893
15 54 168 433 502 545 571 583 702 796 816 823 826 877 930 952
20 12 26 56 70 107 139 213 217 335 400 413 631 696 738 824 841 843 921 946 976
23 9 13 114 129 228 293 301 318 420 429 438 443 499 633 653 668 832 889 905 913 948 960 968
17 29 158 194 243 352 385 407 501 511 566 569 617 624 630 902 975 997
16 44 45 120 141 163 325 425 426 708 711 741 746 850 926 933 961
14 22 50 57 166 289 311 322 553 606 664 683 765 786 842
14 24 201 249 257 302 494 596 641 669 700 712 754 785 895
17 206 268 319 349 455 472 574 593 646 677 716 817 818 860 876 917 927
17 34 86 196 233 265 358 368 505 555 649 666 758 864 899 907 909 941
15 55 99 186 210 234 263 285 382 395 456 549 614 634 809 833
20 63 102 128 175 227 241 314 324 327 338 447 497 532 587 691 822 835 844 874 904
22 46 329 448 562 581 640 661 670 671 684 763 795 801 839 840 856 873 884 915 937 943 978
25 8 94 127 132 156 260 261 279 296 303 359 362 449 573 621 623 639 682 687 703 709 720 776 940 982
16 43 65 103 214 221 305 474 531 588 665 673 688 698 723 761 789
20 75 89 126 225 255 262 341 394 459 477 480 517 560 582 608 695 815 848 886 969
21 28 60 74 174 192 202 286 313 390 471 476 534 627 635 659 830 853 901 949 981 999
22 49 87 96 97 147 223 270 466 492 615 642 713 733 735 748 769 802 875 934 962 992 995
30 73 101 119 122 195 205 212 267 284 308 334 357 421 454 486 489 498 538 559 602 619 626 770 771 774 807 811 869 881 888
18 6 27 172 193 245 275 299 361 376 509 554 604 715 766 825 857 932 965
17 39 140 247 273 276 309 333 340 380 404 440 444 446 519 557 679 890
25 4 59 64 116 133 160 208 240 375 445 526 541 592 607 618 636 648 672 690 749 753 772 828 836 971
23 32 68 142 144 151 188 250 328 364 369 418 423 451 493 572 611 657 699 724 803 894 922 931
21 51 61 153 169 190 220 282 297 339 388 450 467 563 686 751 780 799 866 920 974 998
23 115 123 125 131 239 292 321 337 430 436 453 462 506 515 613 717 784 846 935 950 954 956 996
22 3 38 41 88 171 183 198 232 252 258 259 381 387 417 518 644 678 783 838 916 963 987
18 19 78 84 135 149 164 226 280 365 457 490 628 760 892 910 919 936 990
